<?xml version="1.0" encoding="UTF-8"?>
<!-- Generated by org.testng.reporters.JUnitReportReporter -->
<testsuite skipped="0" hostname="ATMECSINLT-085" name="org.atmecs.practo.testscripts.TestScripts" tests="2" failures="0" timestamp="20 Sep 2019 09:06:42 GMT" time="0.017" errors="0">
  <testcase name="testngExample" time="0.002" classname="org.atmecs.practo.testscripts.TestScripts"/>
  <testcase name="testngExample" time="0.015" classname="org.atmecs.practo.testscripts.TestScripts"/>
</testsuite> <!-- org.atmecs.practo.testscripts.TestScripts -->
